<?xml version="1.0" encoding="UTF-8"?>
<!-- Generated by org.testng.reporters.JUnitXMLReporter -->
<testsuite ignored="0" hostname="satyamkumar-pc" failures="0" tests="20" name="Test" time="244.042" errors="0" timestamp="20 Jun 2025 12:12:08 GMT">
  <testcase classname="com.api.testing.main.VisualOCR" name="visualOCR" time="63.067"/>
  <testcase classname="com.api.testing.main.AppiumAutomationAPI" name="getAuthToken" time="15.279"/>
  <testcase classname="com.api.testing.main.AppiumAutomationAPI" name="getUserInfo" time="10.232"/>
  <testcase classname="com.api.testing.main.AppiumAutomationAPI" name="getAvailableDeviceList" time="0.417"/>
  <testcase classname="com.api.testing.main.AppiumAutomationAPI" name="bookDeviceForAppium" time="2.462"/>
  <testcase classname="com.api.testing.main.AppiumAutomationAPI" name="startStreamer" time="21.615"/>
  <testcase classname="com.api.testing.main.AppiumAutomationAPI" name="unlockIOSDevice" time="15.207"/>
  <testcase classname="com.api.testing.main.AppiumAutomationAPI" name="getAvailableApps" time="11.274"/>
  <testcase classname="com.api.testing.main.AppiumAutomationAPI" name="installApp" time="5.323"/>
  <testcase classname="com.api.testing.main.AppiumAutomationAPI" name="startAutomation" time="26.055"/>
  <testcase classname="com.api.testing.main.AppiumAutomationAPI" name="captureDeviceScreenshot" time="16.528"/>
  <testcase classname="com.api.testing.main.AppiumAutomationAPI" name="getPlayerType" time="10.294"/>
  <testcase classname="com.api.testing.main.AppiumAutomationAPI" name="startDeviceService" time="15.302"/>
  <testcase classname="com.api.testing.main.AppiumAutomationAPI" name="getAppiumEndpoint" time="15.215"/>
  <testcase classname="com.api.testing.main.AppiumAutomationAPI" name="getAppiumReportFolder" time="10.246"/>
  <testcase classname="com.api.testing.main.AppiumAutomationAPI" name="getShareableReportLink" time="0.325"/>
  <testcase classname="com.api.testing.main.AppiumAutomationAPI" name="downloadManualAccessData" time="0.239"/>
  <testcase classname="com.api.testing.main.AppiumAutomationAPI" name="downloadFile" time="0.209"/>
  <testcase classname="com.api.testing.main.AppiumAutomationAPI" name="getAvailableAppiumVersion" time="0.214"/>
  <testcase classname="com.api.testing.main.AppiumAutomationAPI" name="releaseAppiumDevice" time="4.346"/>
</testsuite> <!-- Test -->
