<?xml version="1.0" encoding="UTF-8"?>
<!-- Generated by org.testng.reporters.JUnitXMLReporter -->
<testsuite ignored="0" hostname="administrator-HP-EliteBook-840-G5" failures="0" tests="21" name="Test" time="99.54" errors="0" timestamp="15 Apr 2025 16:43:37 GMT">
  <testcase classname="com.api.testing.main.AppiumAutomationAPI" name="getAuthToken" time="17.061"/>
  <testcase classname="com.api.testing.main.AppiumAutomationAPI" name="getUserInfo" time="0.291"/>
  <testcase classname="com.api.testing.main.AppiumAutomationAPI" name="getAvailableDeviceList" time="1.623"/>
  <testcase classname="com.api.testing.main.AppiumAutomationAPI" name="bookDeviceForAppium" time="0.497"/>
  <testcase classname="com.api.testing.main.AppiumAutomationAPI" name="startStreamer" time="23.453"/>
  <testcase classname="com.api.testing.main.AppiumAutomationAPI" name="unlockIOSDevice" time="0.163"/>
  <testcase classname="com.api.testing.main.AppiumAutomationAPI" name="getAvailableApps" time="0.321"/>
  <testcase classname="com.api.testing.main.AppiumAutomationAPI" name="installApp" time="3.076"/>
  <testcase classname="com.api.testing.main.AppiumAutomationAPI" name="startAutomation" time="23.535"/>
  <testcase classname="com.api.testing.main.AppiumAutomationAPI" name="captureDeviceScreenshot" time="0.918"/>
  <testcase classname="com.api.testing.main.AppiumAutomationAPI" name="getPlayerType" time="0.182"/>
  <testcase classname="com.api.testing.main.AppiumAutomationAPI" name="startDeviceService" time="15.272"/>
  <testcase classname="com.api.testing.main.AppiumAutomationAPI" name="getAppiumFileName" time="5.168"/>
  <testcase classname="com.api.testing.main.AppiumAutomationAPI" name="downloadAppiumPerformanceData" time="0.181"/>
  <testcase classname="com.api.testing.main.AppiumAutomationAPI" name="getAppiumEndpoint" time="0.263"/>
  <testcase classname="com.api.testing.main.AppiumAutomationAPI" name="getAppiumReportFolder" time="0.201"/>
  <testcase classname="com.api.testing.main.AppiumAutomationAPI" name="getShareableReportLink" time="0.317"/>
  <testcase classname="com.api.testing.main.AppiumAutomationAPI" name="downloadManualAccessData" time="0.138"/>
  <testcase classname="com.api.testing.main.AppiumAutomationAPI" name="downloadFile" time="0.174"/>
  <testcase classname="com.api.testing.main.AppiumAutomationAPI" name="getAvailableAppiumVersion" time="0.169"/>
  <testcase classname="com.api.testing.main.AppiumAutomationAPI" name="releaseAppiumDevice" time="6.299"/>
</testsuite> <!-- Test -->
