<?xml version="1.0" encoding="UTF-8"?>
<!-- Generated by org.testng.reporters.JUnitXMLReporter -->
<testsuite ignored="0" hostname="satyamkumar-pc" failures="0" tests="19" name="Test" time="202.404" errors="0" timestamp="19 Jun 2025 15:31:47 GMT">
  <testcase classname="com.api.testing.main.AppiumAutomationAPI" name="getAuthToken" time="26.529"/>
  <testcase classname="com.api.testing.main.AppiumAutomationAPI" name="getUserInfo" time="10.38"/>
  <testcase classname="com.api.testing.main.AppiumAutomationAPI" name="getAvailableDeviceList" time="0.89"/>
  <testcase classname="com.api.testing.main.AppiumAutomationAPI" name="bookDeviceForAppium" time="2.332"/>
  <testcase classname="com.api.testing.main.AppiumAutomationAPI" name="startStreamer" time="25.455"/>
  <testcase classname="com.api.testing.main.AppiumAutomationAPI" name="unlockIOSDevice" time="15.281"/>
  <testcase classname="com.api.testing.main.AppiumAutomationAPI" name="getAvailableApps" time="11.155"/>
  <testcase classname="com.api.testing.main.AppiumAutomationAPI" name="installApp" time="5.224"/>
  <testcase classname="com.api.testing.main.AppiumAutomationAPI" name="startAutomation" time="29.154"/>
  <testcase classname="com.api.testing.main.AppiumAutomationAPI" name="captureDeviceScreenshot" time="15.881"/>
  <testcase classname="com.api.testing.main.AppiumAutomationAPI" name="getPlayerType" time="10.284"/>
  <testcase classname="com.api.testing.main.AppiumAutomationAPI" name="startDeviceService" time="15.294"/>
  <testcase classname="com.api.testing.main.AppiumAutomationAPI" name="getAppiumEndpoint" time="15.246"/>
  <testcase classname="com.api.testing.main.AppiumAutomationAPI" name="getAppiumReportFolder" time="10.234"/>
  <testcase classname="com.api.testing.main.AppiumAutomationAPI" name="getShareableReportLink" time="3.874"/>
  <testcase classname="com.api.testing.main.AppiumAutomationAPI" name="downloadManualAccessData" time="0.195"/>
  <testcase classname="com.api.testing.main.AppiumAutomationAPI" name="downloadFile" time="0.27"/>
  <testcase classname="com.api.testing.main.AppiumAutomationAPI" name="getAvailableAppiumVersion" time="0.193"/>
  <testcase classname="com.api.testing.main.AppiumAutomationAPI" name="releaseAppiumDevice" time="4.401"/>
</testsuite> <!-- Test -->
