<?xml version="1.0" encoding="UTF-8"?>
<!-- Generated by org.testng.reporters.JUnitXMLReporter -->
<testsuite ignored="0" hostname="administrator-HP-EliteBook-840-G5" failures="0" tests="19" name="Test" time="50.897" errors="0" timestamp="16 Apr 2025 14:07:40 GMT">
  <testcase classname="com.api.testing.main.AppiumAutomationAPI" name="getAuthToken" time="16.73"/>
  <testcase classname="com.api.testing.main.AppiumAutomationAPI" name="getUserInfo" time="0.225"/>
  <testcase classname="com.api.testing.main.AppiumAutomationAPI" name="getAvailableDeviceList" time="0.776"/>
  <testcase classname="com.api.testing.main.AppiumAutomationAPI" name="bookDeviceForAppium" time="0.791"/>
  <testcase classname="com.api.testing.main.AppiumAutomationAPI" name="startStreamer" time="0.169"/>
  <testcase classname="com.api.testing.main.AppiumAutomationAPI" name="unlockIOSDevice" time="0.147"/>
  <testcase classname="com.api.testing.main.AppiumAutomationAPI" name="getAvailableApps" time="0.497"/>
  <testcase classname="com.api.testing.main.AppiumAutomationAPI" name="installApp" time="2.197"/>
  <testcase classname="com.api.testing.main.AppiumAutomationAPI" name="startAutomation" time="7.679"/>
  <testcase classname="com.api.testing.main.AppiumAutomationAPI" name="captureDeviceScreenshot" time="0.919"/>
  <testcase classname="com.api.testing.main.AppiumAutomationAPI" name="getPlayerType" time="0.16"/>
  <testcase classname="com.api.testing.main.AppiumAutomationAPI" name="startDeviceService" time="4.239"/>
  <testcase classname="com.api.testing.main.AppiumAutomationAPI" name="getAppiumEndpoint" time="0.146"/>
  <testcase classname="com.api.testing.main.AppiumAutomationAPI" name="getAppiumReportFolder" time="0.143"/>
  <testcase classname="com.api.testing.main.AppiumAutomationAPI" name="getShareableReportLink" time="9.946"/>
  <testcase classname="com.api.testing.main.AppiumAutomationAPI" name="downloadManualAccessData" time="0.153"/>
  <testcase classname="com.api.testing.main.AppiumAutomationAPI" name="downloadFile" time="0.158"/>
  <testcase classname="com.api.testing.main.AppiumAutomationAPI" name="getAvailableAppiumVersion" time="0.176"/>
  <testcase classname="com.api.testing.main.AppiumAutomationAPI" name="releaseAppiumDevice" time="5.548"/>
</testsuite> <!-- Test -->
