<?xml version="1.0" encoding="UTF-8"?>
<testsuite xmlns:xsi="http://www.w3.org/2001/XMLSchema-instance" xsi:noNamespaceSchemaLocation="https://maven.apache.org/surefire/maven-surefire-plugin/xsd/surefire-test-report.xsd" name="TestSuite" time="212.887" tests="19" errors="0" skipped="0" failures="0">
  <properties>
[...]
</properties>
  <testcase name="getAuthToken" classname="com.api.testing.main.AppiumAutomationAPI" time="16.517"/>
  <testcase name="getUserInfo" classname="com.api.testing.main.AppiumAutomationAPI" time="0.365"/>
  <testcase name="getAvailableDeviceList" classname="com.api.testing.main.AppiumAutomationAPI" time="0.89"/>
  <testcase name="bookDeviceForAppium" classname="com.api.testing.main.AppiumAutomationAPI" time="2.332"/>
  <testcase name="startStreamer" classname="com.api.testing.main.AppiumAutomationAPI" time="25.458"/>
  <testcase name="unlockIOSDevice" classname="com.api.testing.main.AppiumAutomationAPI" time="5.268"/>
  <testcase name="getAvailableApps" classname="com.api.testing.main.AppiumAutomationAPI" time="1.526"/>
  <testcase name="installApp" classname="com.api.testing.main.AppiumAutomationAPI" time="4.841"/>
  <testcase name="startAutomation" classname="com.api.testing.main.AppiumAutomationAPI" time="19.13"/>
  <testcase name="captureDeviceScreenshot" classname="com.api.testing.main.AppiumAutomationAPI" time="5.868"/>
  <testcase name="getPlayerType" classname="com.api.testing.main.AppiumAutomationAPI" time="0.27"/>
  <testcase name="startDeviceService" classname="com.api.testing.main.AppiumAutomationAPI" time="15.291"/>
  <testcase name="getAppiumEndpoint" classname="com.api.testing.main.AppiumAutomationAPI" time="5.237"/>
  <testcase name="getAppiumReportFolder" classname="com.api.testing.main.AppiumAutomationAPI" time="0.227"/>
  <testcase name="getShareableReportLink" classname="com.api.testing.main.AppiumAutomationAPI" time="3.87"/>
  <testcase name="downloadManualAccessData" classname="com.api.testing.main.AppiumAutomationAPI" time="0.207"/>
  <testcase name="downloadFile" classname="com.api.testing.main.AppiumAutomationAPI" time="0.282"/>
  <testcase name="getAvailableAppiumVersion" classname="com.api.testing.main.AppiumAutomationAPI" time="0.181"/>
  <testcase name="releaseAppiumDevice" classname="com.api.testing.main.AppiumAutomationAPI" time="4.4"/>
</testsuite>